21-01-2022 08:55:49 (192.168.1.43) : User belum disetting (id : 0) menginput tabel m_order {"id":"56"}
21-01-2022 08:55:50 (192.168.1.43) : User belum disetting (id : 0) menginput tabel m_detail_order {"id":"113"}
21-01-2022 08:55:50 (192.168.1.43) : User belum disetting (id : 0) menginput tabel m_detail_order {"id":"114"}
21-01-2022 08:57:17 (192.168.1.43) : User belum disetting (id : 0) menginput tabel m_order {"id":"57"}
21-01-2022 08:57:17 (192.168.1.43) : User belum disetting (id : 0) menginput tabel m_detail_order {"id":"115"}
21-01-2022 08:59:30 (192.168.1.43) : User belum disetting (id : 0) menginput tabel m_order {"id":"58"}
21-01-2022 08:59:30 (192.168.1.43) : User belum disetting (id : 0) menginput tabel m_detail_order {"id":"116"}
21-01-2022 08:59:31 (192.168.1.43) : User belum disetting (id : 0) menginput tabel m_detail_order {"id":"117"}
21-01-2022 08:59:31 (192.168.1.43) : User belum disetting (id : 0) menginput tabel m_detail_order {"id":"118"}
21-01-2022 08:59:31 (192.168.1.43) : User belum disetting (id : 0) menginput tabel m_detail_order {"id":"119"}
21-01-2022 13:23:25 (::1) : Super Admin (id : 1) mengupdate tabel m_order ["id_order","60"]
21-01-2022 13:28:22 (::1) : Super Admin (id : 1) mengupdate tabel m_order ["id_order","60"]
21-01-2022 13:29:07 (::1) : Super Admin (id : 1) mengupdate tabel m_order {"id_order":"60"}
21-01-2022 15:34:52 (::1) : User belum disetting (id : 0) menginput tabel m_order {"id":"69"}
21-01-2022 15:34:52 (::1) : User belum disetting (id : 0) menginput tabel m_detail_order {"id":"136"}
21-01-2022 15:34:52 (::1) : User belum disetting (id : 0) menginput tabel m_detail_order {"id":"137"}
21-01-2022 15:34:58 (::1) : User belum disetting (id : 0) mengupdate tabel m_voucher {"id_voucher":1}
21-01-2022 15:36:29 (::1) : User belum disetting (id : 0) menginput tabel m_order {"id":"70"}
21-01-2022 15:36:30 (::1) : User belum disetting (id : 0) menginput tabel m_detail_order {"id":"138"}
21-01-2022 15:36:30 (::1) : User belum disetting (id : 0) menginput tabel m_detail_order {"id":"139"}
21-01-2022 15:36:41 (::1) : User belum disetting (id : 0) menginput tabel m_order {"id":"71"}
21-01-2022 15:36:41 (::1) : User belum disetting (id : 0) menginput tabel m_detail_order {"id":"140"}
21-01-2022 15:36:42 (::1) : User belum disetting (id : 0) menginput tabel m_detail_order {"id":"141"}
21-01-2022 15:36:53 (::1) : User belum disetting (id : 0) menginput tabel m_order {"id":"72"}
21-01-2022 15:36:53 (::1) : User belum disetting (id : 0) menginput tabel m_detail_order {"id":"142"}
21-01-2022 15:36:54 (::1) : User belum disetting (id : 0) menginput tabel m_detail_order {"id":"143"}
21-01-2022 15:37:25 (::1) : User belum disetting (id : 0) menginput tabel m_order {"id":"73"}
21-01-2022 15:37:26 (::1) : User belum disetting (id : 0) menginput tabel m_detail_order {"id":"144"}
21-01-2022 15:37:26 (::1) : User belum disetting (id : 0) menginput tabel m_detail_order {"id":"145"}
21-01-2022 15:38:53 (::1) : User belum disetting (id : 0) menginput tabel m_order {"id":"74"}
21-01-2022 15:38:53 (::1) : User belum disetting (id : 0) menginput tabel m_detail_order {"id":"146"}
21-01-2022 15:38:53 (::1) : User belum disetting (id : 0) menginput tabel m_detail_order {"id":"147"}
21-01-2022 15:39:57 (::1) : User belum disetting (id : 0) menginput tabel m_order {"id":"75"}
21-01-2022 15:39:58 (::1) : User belum disetting (id : 0) menginput tabel m_detail_order {"id":"148"}
21-01-2022 15:39:59 (::1) : User belum disetting (id : 0) menginput tabel m_detail_order {"id":"149"}
21-01-2022 15:40:14 (::1) : User belum disetting (id : 0) menginput tabel m_order {"id":"76"}
21-01-2022 15:40:14 (::1) : User belum disetting (id : 0) menginput tabel m_detail_order {"id":"150"}
21-01-2022 15:40:15 (::1) : User belum disetting (id : 0) menginput tabel m_detail_order {"id":"151"}
21-01-2022 15:40:34 (::1) : User belum disetting (id : 0) menginput tabel m_order {"id":"77"}
21-01-2022 15:40:35 (::1) : User belum disetting (id : 0) menginput tabel m_detail_order {"id":"152"}
21-01-2022 15:40:35 (::1) : User belum disetting (id : 0) menginput tabel m_detail_order {"id":"153"}
21-01-2022 15:40:47 (::1) : User belum disetting (id : 0) menginput tabel m_order {"id":"78"}
21-01-2022 15:40:47 (::1) : User belum disetting (id : 0) menginput tabel m_detail_order {"id":"154"}
21-01-2022 15:40:48 (::1) : User belum disetting (id : 0) menginput tabel m_detail_order {"id":"155"}
21-01-2022 15:40:58 (::1) : User belum disetting (id : 0) menginput tabel m_order {"id":"79"}
21-01-2022 15:40:59 (::1) : User belum disetting (id : 0) menginput tabel m_detail_order {"id":"156"}
21-01-2022 15:40:59 (::1) : User belum disetting (id : 0) menginput tabel m_detail_order {"id":"157"}
21-01-2022 15:41:22 (::1) : User belum disetting (id : 0) menginput tabel m_order {"id":"80"}
21-01-2022 15:41:23 (::1) : User belum disetting (id : 0) menginput tabel m_detail_order {"id":"158"}
21-01-2022 15:41:23 (::1) : User belum disetting (id : 0) menginput tabel m_detail_order {"id":"159"}
21-01-2022 15:41:25 (::1) : User belum disetting (id : 0) mengupdate tabel m_voucher {"id_voucher":1}
21-01-2022 15:42:00 (::1) : User belum disetting (id : 0) menginput tabel m_order {"id":"81"}
21-01-2022 15:42:00 (::1) : User belum disetting (id : 0) menginput tabel m_detail_order {"id":"160"}
21-01-2022 15:42:01 (::1) : User belum disetting (id : 0) menginput tabel m_detail_order {"id":"161"}
21-01-2022 15:42:03 (::1) : User belum disetting (id : 0) mengupdate tabel m_voucher {"id_voucher":1}
21-01-2022 15:42:12 (::1) : User belum disetting (id : 0) menginput tabel m_order {"id":"82"}
21-01-2022 15:42:12 (::1) : User belum disetting (id : 0) menginput tabel m_detail_order {"id":"162"}
21-01-2022 15:42:13 (::1) : User belum disetting (id : 0) menginput tabel m_detail_order {"id":"163"}
21-01-2022 15:42:15 (::1) : User belum disetting (id : 0) mengupdate tabel m_voucher {"id_voucher":1}
21-01-2022 15:42:38 (::1) : User belum disetting (id : 0) menginput tabel m_order {"id":"83"}
21-01-2022 15:42:39 (::1) : User belum disetting (id : 0) menginput tabel m_detail_order {"id":"164"}
21-01-2022 15:42:39 (::1) : User belum disetting (id : 0) menginput tabel m_detail_order {"id":"165"}
21-01-2022 15:42:41 (::1) : User belum disetting (id : 0) mengupdate tabel m_voucher {"id_voucher":1}
21-01-2022 15:43:58 (::1) : User belum disetting (id : 0) menginput tabel m_order {"id":"84"}
21-01-2022 15:43:58 (::1) : User belum disetting (id : 0) menginput tabel m_detail_order {"id":"166"}
21-01-2022 15:43:58 (::1) : User belum disetting (id : 0) menginput tabel m_detail_order {"id":"167"}
21-01-2022 15:43:58 (::1) : User belum disetting (id : 0) mengupdate tabel m_voucher {"id_voucher":1}
21-01-2022 15:44:34 (::1) : User belum disetting (id : 0) menginput tabel m_order {"id":"85"}
21-01-2022 15:44:34 (::1) : User belum disetting (id : 0) menginput tabel m_detail_order {"id":"168"}
21-01-2022 15:44:34 (::1) : User belum disetting (id : 0) menginput tabel m_detail_order {"id":"169"}
21-01-2022 15:44:35 (::1) : User belum disetting (id : 0) mengupdate tabel m_voucher {"id_voucher":1}
21-01-2022 15:47:53 (::1) : User belum disetting (id : 0) menginput tabel m_order {"id":"86"}
21-01-2022 15:47:53 (::1) : User belum disetting (id : 0) menginput tabel m_detail_order {"id":"170"}
21-01-2022 15:47:54 (::1) : User belum disetting (id : 0) menginput tabel m_detail_order {"id":"171"}
21-01-2022 15:47:54 (::1) : User belum disetting (id : 0) mengupdate tabel m_promo {"id_promo":1}
21-01-2022 15:47:54 (::1) : User belum disetting (id : 0) mengupdate tabel m_voucher {"id_voucher":1}
